[1533904020,025][INFO]: COMMAND InitSession {
   "capabilities": {
      "alwaysMatch": {
         "browserName": "chrome",
         "goog:chromeOptions": {
            "args": [  ],
            "extensions": [  ]
         },
         "platformName": "any"
      },
      "firstMatch": [ {

      } ]
   },
   "desiredCapabilities": {
      "browserName": "chrome",
      "goog:chromeOptions": {
         "args": [  ],
         "extensions": [  ]
      },
      "platform": "ANY",
      "version": ""
   }
}
[1533904020,026][INFO]: Populating Preferences file: {
   "alternate_error_pages": {
      "enabled": false
   },
   "autofill": {
      "enabled": false
   },
   "browser": {
      "check_default_browser": false
   },
   "distribution": {
      "import_bookmarks": false,
      "import_history": false,
      "import_search_engine": false,
      "make_chrome_default_for_user": false,
      "skip_first_run_ui": true
   },
   "dns_prefetching": {
      "enabled": false
   },
   "profile": {
      "content_settings": {
         "pattern_pairs": {
            "https://*,*": {
               "media-stream": {
                  "audio": "Default",
                  "video": "Default"
               }
            }
         }
      },
      "default_content_setting_values": {
         "geolocation": 1
      },
      "default_content_settings": {
         "geolocation": 1,
         "mouselock": 1,
         "notifications": 1,
         "popups": 1,
         "ppapi-broker": 1
      },
      "password_manager_enabled": false
   },
   "safebrowsing": {
      "enabled": false
   },
   "search": {
      "suggest_enabled": false
   },
   "translate": {
      "enabled": false
   }
}
[1533904020,026][INFO]: Populating Local State file: {
   "background_mode": {
      "enabled": false
   },
   "ssl": {
      "rev_checking": {
         "enabled": false
      }
   }
}
[1533904020,026][INFO]: Launching chrome: /usr/bin/google-chrome --disable-background-networking --disable-client-side-phishing-detection --disable-default-apps --disable-hang-monitor --disable-popup-blocking --disable-prompt-on-repost --disable-sync --disable-web-resources --enable-automation --enable-logging --force-fieldtrials=SiteIsolationExtensions/Control --ignore-certificate-errors --load-extension=/tmp/.org.chromium.Chromium.wqPIXr/internal --log-level=0 --metrics-recording-only --no-first-run --password-store=basic --remote-debugging-port=0 --test-type=webdriver --use-mock-keychain --user-data-dir=/tmp/.org.chromium.Chromium.tlSXDO data:,
[1533904020,465][INFO]: resolved localhost to ["127.0.0.1"]
[1533904020,522][INFO]: RESPONSE InitSession {
   "acceptInsecureCerts": false,
   "acceptSslCerts": false,
   "applicationCacheEnabled": false,
   "browserConnectionEnabled": false,
   "browserName": "chrome",
   "chrome": {
      "chromedriverVersion": "2.40.565383 (76257d1ab79276b2d53ee976b2c3e3b9f335cde7)",
      "userDataDir": "/tmp/.org.chromium.Chromium.tlSXDO"
   },
   "cssSelectorsEnabled": true,
   "databaseEnabled": false,
   "handlesAlerts": true,
   "hasTouchScreen": false,
   "javascriptEnabled": true,
   "locationContextEnabled": true,
   "mobileEmulationEnabled": false,
   "nativeEvents": true,
   "networkConnectionEnabled": false,
   "pageLoadStrategy": "normal",
   "platform": "Linux",
   "rotatable": false,
   "setWindowRect": true,
   "~~~": "..."
}
[1533904020,524][INFO]: COMMAND MaximizeWindow {
   "sessionId": "5e1ab3bc639c191f34c570cee05a7fd1",
   "windowHandle": "current"
}
[1533904020,524][INFO]: resolved localhost to ["127.0.0.1"]
[1533904020,626][INFO]: RESPONSE MaximizeWindow
[1533904020,627][INFO]: COMMAND Navigate {
   "sessionId": "5e1ab3bc639c191f34c570cee05a7fd1",
   "url": "https://www.radisson.com/"
}
[1533904020,627][INFO]: Waiting for pending navigations...
[1533904020,648][INFO]: Done waiting for pending navigations. Status: ok
[1533904021,960][INFO]: Waiting for pending navigations...
[1533904024,256][INFO]: Done waiting for pending navigations. Status: ok
[1533904024,256][INFO]: RESPONSE Navigate
[1533904024,257][INFO]: COMMAND FindElement {
   "sessionId": "5e1ab3bc639c191f34c570cee05a7fd1",
   "using": "xpath",
   "value": ".//input[@name=\"city\"]"
}
[1533904024,257][INFO]: Waiting for pending navigations...
[1533904024,258][INFO]: Done waiting for pending navigations. Status: ok
[1533904024,284][INFO]: Waiting for pending navigations...
[1533904024,286][INFO]: Done waiting for pending navigations. Status: ok
[1533904024,286][INFO]: RESPONSE FindElement {
   "ELEMENT": "0.23917761265529958-1"
}
[1533904024,287][INFO]: COMMAND IsElementDisplayed {
   "id": "0.23917761265529958-1"
}
[1533904024,287][INFO]: Waiting for pending navigations...
[1533904024,288][INFO]: Done waiting for pending navigations. Status: ok
[1533904024,304][INFO]: Waiting for pending navigations...
[1533904024,305][INFO]: Done waiting for pending navigations. Status: ok
[1533904024,305][INFO]: RESPONSE IsElementDisplayed true
[1533904024,306][INFO]: COMMAND TypeElement {
   "id": "0.23917761265529958-1",
   "sessionId": "5e1ab3bc639c191f34c570cee05a7fd1",
   "text": "Guatemala City, Guatemala",
   "value": [ "G", "u", "a", "t", "e", "m", "a", "l", "a", " ", "C", "i", "t", "y", ",", " ", "G", "u", "a", "..." ]
}
[1533904024,306][INFO]: Waiting for pending navigations...
[1533904024,307][INFO]: Done waiting for pending navigations. Status: ok
[1533904024,601][INFO]: Waiting for pending navigations...
[1533904024,603][INFO]: Done waiting for pending navigations. Status: ok
[1533904024,603][INFO]: RESPONSE TypeElement
[1533904026,607][INFO]: COMMAND FindElement {
   "sessionId": "5e1ab3bc639c191f34c570cee05a7fd1",
   "using": "xpath",
   "value": ".//body"
}
[1533904026,607][INFO]: Waiting for pending navigations...
[1533904026,609][INFO]: Done waiting for pending navigations. Status: ok
[1533904026,638][INFO]: Waiting for pending navigations...
[1533904026,638][INFO]: Done waiting for pending navigations. Status: ok
[1533904026,638][INFO]: RESPONSE FindElement {
   "ELEMENT": "0.23917761265529958-2"
}
[1533904026,639][INFO]: COMMAND ClickElement {
   "id": "0.23917761265529958-2",
   "sessionId": "5e1ab3bc639c191f34c570cee05a7fd1"
}
[1533904026,639][INFO]: Waiting for pending navigations...
[1533904026,640][INFO]: Done waiting for pending navigations. Status: ok
[1533904026,757][INFO]: Waiting for pending navigations...
[1533904026,758][INFO]: Done waiting for pending navigations. Status: ok
[1533904026,758][INFO]: RESPONSE ClickElement
[1533904031,765][INFO]: COMMAND FindElement {
   "sessionId": "5e1ab3bc639c191f34c570cee05a7fd1",
   "using": "xpath",
   "value": ".//input[@id=\"checkinDate\"]"
}
[1533904031,765][INFO]: Waiting for pending navigations...
[1533904031,767][INFO]: Done waiting for pending navigations. Status: ok
[1533904031,784][INFO]: Waiting for pending navigations...
[1533904031,785][INFO]: Done waiting for pending navigations. Status: ok
[1533904031,785][INFO]: RESPONSE FindElement {
   "ELEMENT": "0.23917761265529958-3"
}
[1533904031,786][INFO]: COMMAND IsElementDisplayed {
   "id": "0.23917761265529958-3"
}
[1533904031,786][INFO]: Waiting for pending navigations...
[1533904031,787][INFO]: Done waiting for pending navigations. Status: ok
[1533904031,808][INFO]: Waiting for pending navigations...
[1533904031,809][INFO]: Done waiting for pending navigations. Status: ok
[1533904031,809][INFO]: RESPONSE IsElementDisplayed true
[1533904031,810][INFO]: COMMAND ClickElement {
   "id": "0.23917761265529958-3",
   "sessionId": "5e1ab3bc639c191f34c570cee05a7fd1"
}
[1533904031,810][INFO]: Waiting for pending navigations...
[1533904031,811][INFO]: Done waiting for pending navigations. Status: ok
[1533904031,947][INFO]: Waiting for pending navigations...
[1533904031,950][INFO]: Done waiting for pending navigations. Status: ok
[1533904031,950][INFO]: RESPONSE ClickElement
[1533904041,953][INFO]: COMMAND FindElement {
   "sessionId": "5e1ab3bc639c191f34c570cee05a7fd1",
   "using": "xpath",
   "value": ".//td[@data-handler=\"selectDay\"][@data-month=\"11\"][@data-year=\"2018\"]/a[contains(text(), \"8\")]"
}
[1533904041,953][INFO]: Waiting for pending navigations...
[1533904041,955][INFO]: Done waiting for pending navigations. Status: ok
[1533904041,986][INFO]: Waiting for pending navigations...
[1533904041,987][INFO]: Done waiting for pending navigations. Status: ok
[1533904041,987][INFO]: RESPONSE FindElement no such element: Unable to locate element: {"method":"xpath","selector":".//td[@data-handler="selectDay"][@data-month="11"][@data-year="2018"]/a[contains(text(), "8")]"}
  (Session info: chrome=66.0.3359.170)
[1533904042,489][INFO]: COMMAND FindElement {
   "sessionId": "5e1ab3bc639c191f34c570cee05a7fd1",
   "using": "xpath",
   "value": ".//td[@data-handler=\"selectDay\"][@data-month=\"11\"][@data-year=\"2018\"]/a[contains(text(), \"8\")]"
}
[1533904042,489][INFO]: Waiting for pending navigations...
[1533904042,491][INFO]: Done waiting for pending navigations. Status: ok
[1533904042,503][INFO]: Waiting for pending navigations...
[1533904042,504][INFO]: Done waiting for pending navigations. Status: ok
[1533904042,504][INFO]: RESPONSE FindElement no such element: Unable to locate element: {"method":"xpath","selector":".//td[@data-handler="selectDay"][@data-month="11"][@data-year="2018"]/a[contains(text(), "8")]"}
  (Session info: chrome=66.0.3359.170)
[1533904043,006][INFO]: COMMAND FindElement {
   "sessionId": "5e1ab3bc639c191f34c570cee05a7fd1",
   "using": "xpath",
   "value": ".//td[@data-handler=\"selectDay\"][@data-month=\"11\"][@data-year=\"2018\"]/a[contains(text(), \"8\")]"
}
[1533904043,006][INFO]: Waiting for pending navigations...
[1533904043,008][INFO]: Done waiting for pending navigations. Status: ok
[1533904043,020][INFO]: Waiting for pending navigations...
[1533904043,021][INFO]: Done waiting for pending navigations. Status: ok
[1533904043,021][INFO]: RESPONSE FindElement no such element: Unable to locate element: {"method":"xpath","selector":".//td[@data-handler="selectDay"][@data-month="11"][@data-year="2018"]/a[contains(text(), "8")]"}
  (Session info: chrome=66.0.3359.170)
[1533904043,522][INFO]: COMMAND FindElement {
   "sessionId": "5e1ab3bc639c191f34c570cee05a7fd1",
   "using": "xpath",
   "value": ".//td[@data-handler=\"selectDay\"][@data-month=\"11\"][@data-year=\"2018\"]/a[contains(text(), \"8\")]"
}
[1533904043,522][INFO]: Waiting for pending navigations...
[1533904043,523][INFO]: Done waiting for pending navigations. Status: ok
[1533904043,532][INFO]: Waiting for pending navigations...
[1533904043,533][INFO]: Done waiting for pending navigations. Status: ok
[1533904043,533][INFO]: RESPONSE FindElement no such element: Unable to locate element: {"method":"xpath","selector":".//td[@data-handler="selectDay"][@data-month="11"][@data-year="2018"]/a[contains(text(), "8")]"}
  (Session info: chrome=66.0.3359.170)
[1533904044,035][INFO]: COMMAND FindElement {
   "sessionId": "5e1ab3bc639c191f34c570cee05a7fd1",
   "using": "xpath",
   "value": ".//a[@data-handler=\"next\"]"
}
[1533904044,035][INFO]: Waiting for pending navigations...
[1533904044,036][INFO]: Done waiting for pending navigations. Status: ok
[1533904044,057][INFO]: Waiting for pending navigations...
[1533904044,058][INFO]: Done waiting for pending navigations. Status: ok
[1533904044,058][INFO]: RESPONSE FindElement {
   "ELEMENT": "0.23917761265529958-4"
}
[1533904044,059][INFO]: COMMAND IsElementDisplayed {
   "id": "0.23917761265529958-4"
}
[1533904044,059][INFO]: Waiting for pending navigations...
[1533904044,060][INFO]: Done waiting for pending navigations. Status: ok
[1533904044,079][INFO]: Waiting for pending navigations...
[1533904044,080][INFO]: Done waiting for pending navigations. Status: ok
[1533904044,080][INFO]: RESPONSE IsElementDisplayed true
[1533904044,081][INFO]: COMMAND ClickElement {
   "id": "0.23917761265529958-4",
   "sessionId": "5e1ab3bc639c191f34c570cee05a7fd1"
}
[1533904044,081][INFO]: Waiting for pending navigations...
[1533904044,082][INFO]: Done waiting for pending navigations. Status: ok
[1533904044,187][INFO]: Waiting for pending navigations...
[1533904044,203][INFO]: Done waiting for pending navigations. Status: ok
[1533904044,203][INFO]: RESPONSE ClickElement
[1533904044,204][INFO]: COMMAND FindElement {
   "sessionId": "5e1ab3bc639c191f34c570cee05a7fd1",
   "using": "xpath",
   "value": ".//td[@data-handler=\"selectDay\"][@data-month=\"11\"][@data-year=\"2018\"]/a[contains(text(), \"8\")]"
}
[1533904044,204][INFO]: Waiting for pending navigations...
[1533904044,205][INFO]: Done waiting for pending navigations. Status: ok
[1533904044,222][INFO]: Waiting for pending navigations...
[1533904044,223][INFO]: Done waiting for pending navigations. Status: ok
[1533904044,223][INFO]: RESPONSE FindElement no such element: Unable to locate element: {"method":"xpath","selector":".//td[@data-handler="selectDay"][@data-month="11"][@data-year="2018"]/a[contains(text(), "8")]"}
  (Session info: chrome=66.0.3359.170)
[1533904044,725][INFO]: COMMAND FindElement {
   "sessionId": "5e1ab3bc639c191f34c570cee05a7fd1",
   "using": "xpath",
   "value": ".//td[@data-handler=\"selectDay\"][@data-month=\"11\"][@data-year=\"2018\"]/a[contains(text(), \"8\")]"
}
[1533904044,725][INFO]: Waiting for pending navigations...
[1533904044,726][INFO]: Done waiting for pending navigations. Status: ok
[1533904044,738][INFO]: Waiting for pending navigations...
[1533904044,738][INFO]: Done waiting for pending navigations. Status: ok
[1533904044,738][INFO]: RESPONSE FindElement no such element: Unable to locate element: {"method":"xpath","selector":".//td[@data-handler="selectDay"][@data-month="11"][@data-year="2018"]/a[contains(text(), "8")]"}
  (Session info: chrome=66.0.3359.170)
[1533904045,240][INFO]: COMMAND FindElement {
   "sessionId": "5e1ab3bc639c191f34c570cee05a7fd1",
   "using": "xpath",
   "value": ".//td[@data-handler=\"selectDay\"][@data-month=\"11\"][@data-year=\"2018\"]/a[contains(text(), \"8\")]"
}
[1533904045,240][INFO]: Waiting for pending navigations...
[1533904045,241][INFO]: Done waiting for pending navigations. Status: ok
[1533904045,250][INFO]: Waiting for pending navigations...
[1533904045,251][INFO]: Done waiting for pending navigations. Status: ok
[1533904045,251][INFO]: RESPONSE FindElement no such element: Unable to locate element: {"method":"xpath","selector":".//td[@data-handler="selectDay"][@data-month="11"][@data-year="2018"]/a[contains(text(), "8")]"}
  (Session info: chrome=66.0.3359.170)
[1533904045,753][INFO]: COMMAND FindElement {
   "sessionId": "5e1ab3bc639c191f34c570cee05a7fd1",
   "using": "xpath",
   "value": ".//td[@data-handler=\"selectDay\"][@data-month=\"11\"][@data-year=\"2018\"]/a[contains(text(), \"8\")]"
}
[1533904045,753][INFO]: Waiting for pending navigations...
[1533904045,755][INFO]: Done waiting for pending navigations. Status: ok
[1533904045,772][INFO]: Waiting for pending navigations...
[1533904045,774][INFO]: Done waiting for pending navigations. Status: ok
[1533904045,774][INFO]: RESPONSE FindElement no such element: Unable to locate element: {"method":"xpath","selector":".//td[@data-handler="selectDay"][@data-month="11"][@data-year="2018"]/a[contains(text(), "8")]"}
  (Session info: chrome=66.0.3359.170)
[1533904046,276][INFO]: COMMAND FindElement {
   "sessionId": "5e1ab3bc639c191f34c570cee05a7fd1",
   "using": "xpath",
   "value": ".//a[@data-handler=\"next\"]"
}
[1533904046,276][INFO]: Waiting for pending navigations...
[1533904046,277][INFO]: Done waiting for pending navigations. Status: ok
[1533904046,285][INFO]: Waiting for pending navigations...
[1533904046,286][INFO]: Done waiting for pending navigations. Status: ok
[1533904046,286][INFO]: RESPONSE FindElement {
   "ELEMENT": "0.23917761265529958-5"
}
[1533904046,287][INFO]: COMMAND IsElementDisplayed {
   "id": "0.23917761265529958-5"
}
[1533904046,287][INFO]: Waiting for pending navigations...
[1533904046,288][INFO]: Done waiting for pending navigations. Status: ok
[1533904046,304][INFO]: Waiting for pending navigations...
[1533904046,306][INFO]: Done waiting for pending navigations. Status: ok
[1533904046,306][INFO]: RESPONSE IsElementDisplayed true
[1533904046,307][INFO]: COMMAND ClickElement {
   "id": "0.23917761265529958-5",
   "sessionId": "5e1ab3bc639c191f34c570cee05a7fd1"
}
[1533904046,307][INFO]: Waiting for pending navigations...
[1533904046,308][INFO]: Done waiting for pending navigations. Status: ok
[1533904046,401][INFO]: Waiting for pending navigations...
[1533904046,406][INFO]: Done waiting for pending navigations. Status: ok
[1533904046,406][INFO]: RESPONSE ClickElement
[1533904046,408][INFO]: COMMAND FindElement {
   "sessionId": "5e1ab3bc639c191f34c570cee05a7fd1",
   "using": "xpath",
   "value": ".//td[@data-handler=\"selectDay\"][@data-month=\"11\"][@data-year=\"2018\"]/a[contains(text(), \"8\")]"
}
[1533904046,408][INFO]: Waiting for pending navigations...
[1533904046,412][INFO]: Done waiting for pending navigations. Status: ok
[1533904046,426][INFO]: Waiting for pending navigations...
[1533904046,427][INFO]: Done waiting for pending navigations. Status: ok
[1533904046,427][INFO]: RESPONSE FindElement no such element: Unable to locate element: {"method":"xpath","selector":".//td[@data-handler="selectDay"][@data-month="11"][@data-year="2018"]/a[contains(text(), "8")]"}
  (Session info: chrome=66.0.3359.170)
[1533904046,930][INFO]: COMMAND FindElement {
   "sessionId": "5e1ab3bc639c191f34c570cee05a7fd1",
   "using": "xpath",
   "value": ".//td[@data-handler=\"selectDay\"][@data-month=\"11\"][@data-year=\"2018\"]/a[contains(text(), \"8\")]"
}
[1533904046,930][INFO]: Waiting for pending navigations...
[1533904046,932][INFO]: Done waiting for pending navigations. Status: ok
[1533904046,953][INFO]: Waiting for pending navigations...
[1533904046,954][INFO]: Done waiting for pending navigations. Status: ok
[1533904046,955][INFO]: RESPONSE FindElement no such element: Unable to locate element: {"method":"xpath","selector":".//td[@data-handler="selectDay"][@data-month="11"][@data-year="2018"]/a[contains(text(), "8")]"}
  (Session info: chrome=66.0.3359.170)
[1533904047,457][INFO]: COMMAND FindElement {
   "sessionId": "5e1ab3bc639c191f34c570cee05a7fd1",
   "using": "xpath",
   "value": ".//td[@data-handler=\"selectDay\"][@data-month=\"11\"][@data-year=\"2018\"]/a[contains(text(), \"8\")]"
}
[1533904047,457][INFO]: Waiting for pending navigations...
[1533904047,459][INFO]: Done waiting for pending navigations. Status: ok
[1533904047,473][INFO]: Waiting for pending navigations...
[1533904047,474][INFO]: Done waiting for pending navigations. Status: ok
[1533904047,474][INFO]: RESPONSE FindElement no such element: Unable to locate element: {"method":"xpath","selector":".//td[@data-handler="selectDay"][@data-month="11"][@data-year="2018"]/a[contains(text(), "8")]"}
  (Session info: chrome=66.0.3359.170)
[1533904047,976][INFO]: COMMAND FindElement {
   "sessionId": "5e1ab3bc639c191f34c570cee05a7fd1",
   "using": "xpath",
   "value": ".//td[@data-handler=\"selectDay\"][@data-month=\"11\"][@data-year=\"2018\"]/a[contains(text(), \"8\")]"
}
[1533904047,976][INFO]: Waiting for pending navigations...
[1533904047,977][INFO]: Done waiting for pending navigations. Status: ok
[1533904047,986][INFO]: Waiting for pending navigations...
[1533904047,987][INFO]: Done waiting for pending navigations. Status: ok
[1533904047,987][INFO]: RESPONSE FindElement no such element: Unable to locate element: {"method":"xpath","selector":".//td[@data-handler="selectDay"][@data-month="11"][@data-year="2018"]/a[contains(text(), "8")]"}
  (Session info: chrome=66.0.3359.170)
[1533904048,489][INFO]: COMMAND FindElement {
   "sessionId": "5e1ab3bc639c191f34c570cee05a7fd1",
   "using": "xpath",
   "value": ".//a[@data-handler=\"next\"]"
}
[1533904048,489][INFO]: Waiting for pending navigations...
[1533904048,491][INFO]: Done waiting for pending navigations. Status: ok
[1533904048,506][INFO]: Waiting for pending navigations...
[1533904048,508][INFO]: Done waiting for pending navigations. Status: ok
[1533904048,508][INFO]: RESPONSE FindElement {
   "ELEMENT": "0.23917761265529958-6"
}
[1533904048,510][INFO]: COMMAND IsElementDisplayed {
   "id": "0.23917761265529958-6"
}
[1533904048,510][INFO]: Waiting for pending navigations...
[1533904048,511][INFO]: Done waiting for pending navigations. Status: ok
[1533904048,539][INFO]: Waiting for pending navigations...
[1533904048,540][INFO]: Done waiting for pending navigations. Status: ok
[1533904048,540][INFO]: RESPONSE IsElementDisplayed true
[1533904048,541][INFO]: COMMAND ClickElement {
   "id": "0.23917761265529958-6",
   "sessionId": "5e1ab3bc639c191f34c570cee05a7fd1"
}
[1533904048,541][INFO]: Waiting for pending navigations...
[1533904048,542][INFO]: Done waiting for pending navigations. Status: ok
[1533904048,644][INFO]: Waiting for pending navigations...
[1533904048,650][INFO]: Done waiting for pending navigations. Status: ok
[1533904048,650][INFO]: RESPONSE ClickElement
[1533904048,652][INFO]: COMMAND FindElement {
   "sessionId": "5e1ab3bc639c191f34c570cee05a7fd1",
   "using": "xpath",
   "value": ".//td[@data-handler=\"selectDay\"][@data-month=\"11\"][@data-year=\"2018\"]/a[contains(text(), \"8\")]"
}
[1533904048,652][INFO]: Waiting for pending navigations...
[1533904048,657][INFO]: Done waiting for pending navigations. Status: ok
[1533904048,666][INFO]: Waiting for pending navigations...
[1533904048,669][INFO]: Done waiting for pending navigations. Status: ok
[1533904048,669][INFO]: RESPONSE FindElement {
   "ELEMENT": "0.23917761265529958-7"
}
[1533904048,670][INFO]: COMMAND IsElementDisplayed {
   "id": "0.23917761265529958-7"
}
[1533904048,670][INFO]: Waiting for pending navigations...
[1533904048,671][INFO]: Done waiting for pending navigations. Status: ok
[1533904048,691][INFO]: Waiting for pending navigations...
[1533904048,694][INFO]: Done waiting for pending navigations. Status: ok
[1533904048,694][INFO]: RESPONSE IsElementDisplayed true
[1533904048,695][INFO]: COMMAND ClickElement {
   "id": "0.23917761265529958-7",
   "sessionId": "5e1ab3bc639c191f34c570cee05a7fd1"
}
[1533904048,695][INFO]: Waiting for pending navigations...
[1533904048,696][INFO]: Done waiting for pending navigations. Status: ok
[1533904048,841][INFO]: Waiting for pending navigations...
[1533904048,850][INFO]: Done waiting for pending navigations. Status: ok
[1533904048,850][INFO]: RESPONSE ClickElement
[1533904051,854][INFO]: COMMAND FindElement {
   "sessionId": "5e1ab3bc639c191f34c570cee05a7fd1",
   "using": "xpath",
   "value": ".//input[@id=\"checkoutDate\"]"
}
[1533904051,854][INFO]: Waiting for pending navigations...
[1533904051,856][INFO]: Done waiting for pending navigations. Status: ok
[1533904051,881][INFO]: Waiting for pending navigations...
[1533904051,882][INFO]: Done waiting for pending navigations. Status: ok
[1533904051,882][INFO]: RESPONSE FindElement {
   "ELEMENT": "0.23917761265529958-8"
}
[1533904051,883][INFO]: COMMAND IsElementDisplayed {
   "id": "0.23917761265529958-8"
}
[1533904051,883][INFO]: Waiting for pending navigations...
[1533904051,883][INFO]: Done waiting for pending navigations. Status: ok
[1533904051,901][INFO]: Waiting for pending navigations...
[1533904051,902][INFO]: Done waiting for pending navigations. Status: ok
[1533904051,902][INFO]: RESPONSE IsElementDisplayed true
[1533904051,903][INFO]: COMMAND ClickElement {
   "id": "0.23917761265529958-8",
   "sessionId": "5e1ab3bc639c191f34c570cee05a7fd1"
}
[1533904051,903][INFO]: Waiting for pending navigations...
[1533904051,904][INFO]: Done waiting for pending navigations. Status: ok
[1533904052,011][INFO]: Waiting for pending navigations...
[1533904052,013][INFO]: Done waiting for pending navigations. Status: ok
[1533904052,013][INFO]: RESPONSE ClickElement
[1533904052,014][INFO]: COMMAND FindElement {
   "sessionId": "5e1ab3bc639c191f34c570cee05a7fd1",
   "using": "xpath",
   "value": ".//td[@data-handler=\"selectDay\"][@data-month=\"11\"][@data-year=\"2018\"]/a[contains(text(), \"11\")]"
}
[1533904052,014][INFO]: Waiting for pending navigations...
[1533904052,015][INFO]: Done waiting for pending navigations. Status: ok
[1533904052,043][INFO]: Waiting for pending navigations...
[1533904052,049][INFO]: Done waiting for pending navigations. Status: ok
[1533904052,049][INFO]: RESPONSE FindElement {
   "ELEMENT": "0.23917761265529958-9"
}
[1533904052,050][INFO]: COMMAND IsElementDisplayed {
   "id": "0.23917761265529958-9"
}
[1533904052,050][INFO]: Waiting for pending navigations...
[1533904052,054][INFO]: Done waiting for pending navigations. Status: ok
[1533904052,074][INFO]: Waiting for pending navigations...
[1533904052,075][INFO]: Done waiting for pending navigations. Status: ok
[1533904052,075][INFO]: RESPONSE IsElementDisplayed true
[1533904052,076][INFO]: COMMAND ClickElement {
   "id": "0.23917761265529958-9",
   "sessionId": "5e1ab3bc639c191f34c570cee05a7fd1"
}
[1533904052,076][INFO]: Waiting for pending navigations...
[1533904052,077][INFO]: Done waiting for pending navigations. Status: ok
[1533904052,183][INFO]: Waiting for pending navigations...
[1533904052,189][INFO]: Done waiting for pending navigations. Status: ok
[1533904052,189][INFO]: RESPONSE ClickElement
[1533904058,197][INFO]: COMMAND FindElement {
   "sessionId": "5e1ab3bc639c191f34c570cee05a7fd1",
   "using": "xpath",
   "value": ".//a[contains(@title, \"Go\")]"
}
[1533904058,197][INFO]: Waiting for pending navigations...
[1533904058,198][INFO]: Done waiting for pending navigations. Status: ok
[1533904058,217][INFO]: Waiting for pending navigations...
[1533904058,218][INFO]: Done waiting for pending navigations. Status: ok
[1533904058,218][INFO]: RESPONSE FindElement {
   "ELEMENT": "0.23917761265529958-10"
}
[1533904058,219][INFO]: COMMAND ClickElement {
   "id": "0.23917761265529958-10",
   "sessionId": "5e1ab3bc639c191f34c570cee05a7fd1"
}
[1533904058,219][INFO]: Waiting for pending navigations...
[1533904058,220][INFO]: Done waiting for pending navigations. Status: ok
[1533904058,323][INFO]: Waiting for pending navigations...
[1533904058,331][INFO]: Done waiting for pending navigations. Status: ok
[1533904058,331][INFO]: RESPONSE ClickElement
[1533904061,336][INFO]: COMMAND FindElement {
   "sessionId": "5e1ab3bc639c191f34c570cee05a7fd1",
   "using": "xpath",
   "value": ".//div[contains(@class, \"hotelRow\")]"
}
[1533904062,107][INFO]: Waiting for pending navigations...
[1533904063,838][INFO]: Done waiting for pending navigations. Status: ok
[1533904063,866][INFO]: Waiting for pending navigations...
[1533904063,887][INFO]: Done waiting for pending navigations. Status: ok
[1533904063,887][INFO]: RESPONSE FindElement {
   "ELEMENT": "0.13215462664601296-1"
}
[1533904063,888][INFO]: COMMAND GetElementAttribute {
   "id": "0.13215462664601296-1",
   "name": "hoteldata"
}
[1533904063,888][INFO]: Waiting for pending navigations...
[1533904063,890][INFO]: Done waiting for pending navigations. Status: ok
[1533904063,895][INFO]: Waiting for pending navigations...
[1533904063,896][INFO]: Done waiting for pending navigations. Status: ok
[1533904063,896][INFO]: RESPONSE GetElementAttribute "{\"amenities\":[\"roomService\",\"coveredParking\",\"suitesAvail\",\"onSiteRestaurant\",\"meetingFacilitiesAvail\",\"onSiteBusinessCenter\",\"onSiteHealthClub\",\"freeInternet\",\"compShuttle\"],\"distance\":5.0,\"price\"..."
[1533904063,897][INFO]: COMMAND GetElementAttribute {
   "id": "0.13215462664601296-1",
   "name": "hoteldata"
}
[1533904063,897][INFO]: Waiting for pending navigations...
[1533904063,898][INFO]: Done waiting for pending navigations. Status: ok
[1533904063,901][INFO]: Waiting for pending navigations...
[1533904063,902][INFO]: Done waiting for pending navigations. Status: ok
[1533904063,902][INFO]: RESPONSE GetElementAttribute "{\"amenities\":[\"roomService\",\"coveredParking\",\"suitesAvail\",\"onSiteRestaurant\",\"meetingFacilitiesAvail\",\"onSiteBusinessCenter\",\"onSiteHealthClub\",\"freeInternet\",\"compShuttle\"],\"distance\":5.0,\"price\"..."
[1533904063,903][INFO]: COMMAND FindChildElement {
   "id": "0.13215462664601296-1",
   "sessionId": "5e1ab3bc639c191f34c570cee05a7fd1",
   "using": "xpath",
   "value": ".//a[@class=\"ratingLink\"]"
}
[1533904063,903][INFO]: Waiting for pending navigations...
[1533904063,903][INFO]: Done waiting for pending navigations. Status: ok
[1533904063,934][INFO]: Waiting for pending navigations...
[1533904063,934][INFO]: Done waiting for pending navigations. Status: ok
[1533904063,934][INFO]: RESPONSE FindChildElement {
   "ELEMENT": "0.13215462664601296-2"
}
[1533904063,935][INFO]: COMMAND GetElementText {
   "id": "0.13215462664601296-2"
}
[1533904063,935][INFO]: Waiting for pending navigations...
[1533904063,936][INFO]: Done waiting for pending navigations. Status: ok
[1533904063,961][INFO]: Waiting for pending navigations...
[1533904063,962][INFO]: Done waiting for pending navigations. Status: ok
[1533904063,962][INFO]: RESPONSE GetElementText "1,199 Reviews"
[1533904063,963][INFO]: COMMAND FindElement {
   "sessionId": "5e1ab3bc639c191f34c570cee05a7fd1",
   "using": "xpath",
   "value": ".//td[@id=\"hoteladdress\"]"
}
[1533904063,963][INFO]: Waiting for pending navigations...
[1533904063,964][INFO]: Done waiting for pending navigations. Status: ok
[1533904063,989][INFO]: Waiting for pending navigations...
[1533904063,990][INFO]: Done waiting for pending navigations. Status: ok
[1533904063,990][INFO]: RESPONSE FindElement {
   "ELEMENT": "0.13215462664601296-3"
}
[1533904063,991][INFO]: COMMAND IsElementDisplayed {
   "id": "0.13215462664601296-3"
}
[1533904063,991][INFO]: Waiting for pending navigations...
[1533904063,992][INFO]: Done waiting for pending navigations. Status: ok
[1533904064,011][INFO]: Waiting for pending navigations...
[1533904064,012][INFO]: Done waiting for pending navigations. Status: ok
[1533904064,012][INFO]: RESPONSE IsElementDisplayed true
[1533904064,013][INFO]: COMMAND GetElementText {
   "id": "0.13215462664601296-3"
}
[1533904064,013][INFO]: Waiting for pending navigations...
[1533904064,014][INFO]: Done waiting for pending navigations. Status: ok
[1533904064,047][INFO]: Waiting for pending navigations...
[1533904064,047][INFO]: Done waiting for pending navigations. Status: ok
[1533904064,048][INFO]: RESPONSE GetElementText "1 Ave.12-46 Zona 10, Guatemala City, 01010\n+502 24215151  |  5 mi /  8.0 km from Downtown"
[1533904064,048][INFO]: COMMAND GetElementAttribute {
   "id": "0.13215462664601296-1",
   "name": "hoteldata"
}
[1533904064,048][INFO]: Waiting for pending navigations...
[1533904064,049][INFO]: Done waiting for pending navigations. Status: ok
[1533904064,051][INFO]: Waiting for pending navigations...
[1533904064,052][INFO]: Done waiting for pending navigations. Status: ok
[1533904064,052][INFO]: RESPONSE GetElementAttribute "{\"amenities\":[\"roomService\",\"coveredParking\",\"suitesAvail\",\"onSiteRestaurant\",\"meetingFacilitiesAvail\",\"onSiteBusinessCenter\",\"onSiteHealthClub\",\"freeInternet\",\"compShuttle\"],\"distance\":5.0,\"price\"..."
[1533904064,053][INFO]: COMMAND Quit {

}
[1533904064,108][INFO]: RESPONSE Quit
