[1529687073,697][INFO]: COMMAND InitSession {
   "capabilities": {
      "alwaysMatch": {
         "browserName": "chrome",
         "goog:chromeOptions": {
            "args": [  ],
            "extensions": [  ]
         },
         "platformName": "any"
      },
      "firstMatch": [ {

      } ]
   },
   "desiredCapabilities": {
      "browserName": "chrome",
      "goog:chromeOptions": {
         "args": [  ],
         "extensions": [  ]
      },
      "platform": "ANY",
      "version": ""
   }
}
[1529687073,697][INFO]: Populating Preferences file: {
   "alternate_error_pages": {
      "enabled": false
   },
   "autofill": {
      "enabled": false
   },
   "browser": {
      "check_default_browser": false
   },
   "distribution": {
      "import_bookmarks": false,
      "import_history": false,
      "import_search_engine": false,
      "make_chrome_default_for_user": false,
      "skip_first_run_ui": true
   },
   "dns_prefetching": {
      "enabled": false
   },
   "profile": {
      "content_settings": {
         "pattern_pairs": {
            "https://*,*": {
               "media-stream": {
                  "audio": "Default",
                  "video": "Default"
               }
            }
         }
      },
      "default_content_setting_values": {
         "geolocation": 1
      },
      "default_content_settings": {
         "geolocation": 1,
         "mouselock": 1,
         "notifications": 1,
         "popups": 1,
         "ppapi-broker": 1
      },
      "password_manager_enabled": false
   },
   "safebrowsing": {
      "enabled": false
   },
   "search": {
      "suggest_enabled": false
   },
   "translate": {
      "enabled": false
   }
}
[1529687073,697][INFO]: Populating Local State file: {
   "background_mode": {
      "enabled": false
   },
   "ssl": {
      "rev_checking": {
         "enabled": false
      }
   }
}
[1529687073,698][INFO]: Launching chrome: /usr/bin/google-chrome --disable-background-networking --disable-client-side-phishing-detection --disable-default-apps --disable-hang-monitor --disable-popup-blocking --disable-prompt-on-repost --disable-sync --disable-web-resources --enable-automation --enable-logging --force-fieldtrials=SiteIsolationExtensions/Control --ignore-certificate-errors --load-extension=/tmp/.org.chromium.Chromium.TYmTC8/internal --log-level=0 --metrics-recording-only --no-first-run --password-store=basic --remote-debugging-port=0 --test-type=webdriver --use-mock-keychain --user-data-dir=/tmp/.org.chromium.Chromium.1BDf73 data:,
[1529687074,119][INFO]: resolved localhost to ["127.0.0.1"]
[1529687074,187][INFO]: RESPONSE InitSession {
   "acceptInsecureCerts": false,
   "acceptSslCerts": false,
   "applicationCacheEnabled": false,
   "browserConnectionEnabled": false,
   "browserName": "chrome",
   "chrome": {
      "chromedriverVersion": "2.40.565383 (76257d1ab79276b2d53ee976b2c3e3b9f335cde7)",
      "userDataDir": "/tmp/.org.chromium.Chromium.1BDf73"
   },
   "cssSelectorsEnabled": true,
   "databaseEnabled": false,
   "handlesAlerts": true,
   "hasTouchScreen": false,
   "javascriptEnabled": true,
   "locationContextEnabled": true,
   "mobileEmulationEnabled": false,
   "nativeEvents": true,
   "networkConnectionEnabled": false,
   "pageLoadStrategy": "normal",
   "platform": "Linux",
   "rotatable": false,
   "setWindowRect": true,
   "~~~": "..."
}
[1529687074,189][INFO]: COMMAND MaximizeWindow {
   "sessionId": "9b6a9391d1fdc8badf75e952aed3196d",
   "windowHandle": "current"
}
[1529687074,189][INFO]: resolved localhost to ["127.0.0.1"]
[1529687074,291][INFO]: RESPONSE MaximizeWindow
[1529687074,292][INFO]: COMMAND Navigate {
   "sessionId": "9b6a9391d1fdc8badf75e952aed3196d",
   "url": "https://www.radisson.com/"
}
[1529687074,292][INFO]: Waiting for pending navigations...
[1529687074,312][INFO]: Done waiting for pending navigations. Status: ok
[1529687075,689][INFO]: Waiting for pending navigations...
[1529687078,054][INFO]: Done waiting for pending navigations. Status: ok
[1529687078,054][INFO]: RESPONSE Navigate
[1529687078,055][INFO]: COMMAND FindElement {
   "sessionId": "9b6a9391d1fdc8badf75e952aed3196d",
   "using": "xpath",
   "value": ".//input[@name=\"city\"]"
}
[1529687078,055][INFO]: Waiting for pending navigations...
[1529687078,056][INFO]: Done waiting for pending navigations. Status: ok
[1529687078,082][INFO]: Waiting for pending navigations...
[1529687078,084][INFO]: Done waiting for pending navigations. Status: ok
[1529687078,084][INFO]: RESPONSE FindElement {
   "ELEMENT": "0.8361304983258557-1"
}
[1529687078,085][INFO]: COMMAND IsElementDisplayed {
   "id": "0.8361304983258557-1"
}
[1529687078,085][INFO]: Waiting for pending navigations...
[1529687078,086][INFO]: Done waiting for pending navigations. Status: ok
[1529687078,106][INFO]: Waiting for pending navigations...
[1529687078,107][INFO]: Done waiting for pending navigations. Status: ok
[1529687078,107][INFO]: RESPONSE IsElementDisplayed true
[1529687078,108][INFO]: COMMAND TypeElement {
   "id": "0.8361304983258557-1",
   "sessionId": "9b6a9391d1fdc8badf75e952aed3196d",
   "text": "Guatemala City, Guatemala",
   "value": [ "G", "u", "a", "t", "e", "m", "a", "l", "a", " ", "C", "i", "t", "y", ",", " ", "G", "u", "a", "..." ]
}
[1529687078,108][INFO]: Waiting for pending navigations...
[1529687078,109][INFO]: Done waiting for pending navigations. Status: ok
[1529687078,412][INFO]: Waiting for pending navigations...
[1529687078,414][INFO]: Done waiting for pending navigations. Status: ok
[1529687078,414][INFO]: RESPONSE TypeElement
[1529687081,418][INFO]: COMMAND FindElement {
   "sessionId": "9b6a9391d1fdc8badf75e952aed3196d",
   "using": "xpath",
   "value": ".//input[@id=\"checkinDate\"]"
}
[1529687081,418][INFO]: Waiting for pending navigations...
[1529687081,419][INFO]: Done waiting for pending navigations. Status: ok
[1529687081,438][INFO]: Waiting for pending navigations...
[1529687081,449][INFO]: Done waiting for pending navigations. Status: ok
[1529687081,449][INFO]: RESPONSE FindElement {
   "ELEMENT": "0.8361304983258557-2"
}
[1529687081,450][INFO]: COMMAND IsElementDisplayed {
   "id": "0.8361304983258557-2"
}
[1529687081,450][INFO]: Waiting for pending navigations...
[1529687081,456][INFO]: Done waiting for pending navigations. Status: ok
[1529687081,475][INFO]: Waiting for pending navigations...
[1529687081,476][INFO]: Done waiting for pending navigations. Status: ok
[1529687081,476][INFO]: RESPONSE IsElementDisplayed true
[1529687081,477][INFO]: COMMAND ClickElement {
   "id": "0.8361304983258557-2",
   "sessionId": "9b6a9391d1fdc8badf75e952aed3196d"
}
[1529687081,477][INFO]: Waiting for pending navigations...
[1529687081,481][INFO]: Done waiting for pending navigations. Status: ok
[1529687081,634][INFO]: Waiting for pending navigations...
[1529687081,640][INFO]: Done waiting for pending navigations. Status: ok
[1529687081,640][INFO]: RESPONSE ClickElement
[1529687081,641][INFO]: COMMAND FindElement {
   "sessionId": "9b6a9391d1fdc8badf75e952aed3196d",
   "using": "xpath",
   "value": ".//td[@data-handler=\"selectDay\"][@data-month=\"9\"][@data-year=\"2018\"]/a[contains(text(), \"20\")]"
}
[1529687081,641][INFO]: Waiting for pending navigations...
[1529687081,642][INFO]: Done waiting for pending navigations. Status: ok
[1529687081,667][INFO]: Waiting for pending navigations...
[1529687081,669][INFO]: Done waiting for pending navigations. Status: ok
[1529687081,669][INFO]: RESPONSE FindElement no such element: Unable to locate element: {"method":"xpath","selector":".//td[@data-handler="selectDay"][@data-month="9"][@data-year="2018"]/a[contains(text(), "20")]"}
  (Session info: chrome=66.0.3359.170)
[1529687082,172][INFO]: COMMAND FindElement {
   "sessionId": "9b6a9391d1fdc8badf75e952aed3196d",
   "using": "xpath",
   "value": ".//td[@data-handler=\"selectDay\"][@data-month=\"9\"][@data-year=\"2018\"]/a[contains(text(), \"20\")]"
}
[1529687082,172][INFO]: Waiting for pending navigations...
[1529687082,173][INFO]: Done waiting for pending navigations. Status: ok
[1529687082,188][INFO]: Waiting for pending navigations...
[1529687082,189][INFO]: Done waiting for pending navigations. Status: ok
[1529687082,189][INFO]: RESPONSE FindElement no such element: Unable to locate element: {"method":"xpath","selector":".//td[@data-handler="selectDay"][@data-month="9"][@data-year="2018"]/a[contains(text(), "20")]"}
  (Session info: chrome=66.0.3359.170)
[1529687082,692][INFO]: COMMAND FindElement {
   "sessionId": "9b6a9391d1fdc8badf75e952aed3196d",
   "using": "xpath",
   "value": ".//td[@data-handler=\"selectDay\"][@data-month=\"9\"][@data-year=\"2018\"]/a[contains(text(), \"20\")]"
}
[1529687082,692][INFO]: Waiting for pending navigations...
[1529687082,693][INFO]: Done waiting for pending navigations. Status: ok
[1529687082,712][INFO]: Waiting for pending navigations...
[1529687082,714][INFO]: Done waiting for pending navigations. Status: ok
[1529687082,714][INFO]: RESPONSE FindElement no such element: Unable to locate element: {"method":"xpath","selector":".//td[@data-handler="selectDay"][@data-month="9"][@data-year="2018"]/a[contains(text(), "20")]"}
  (Session info: chrome=66.0.3359.170)
[1529687083,216][INFO]: COMMAND FindElement {
   "sessionId": "9b6a9391d1fdc8badf75e952aed3196d",
   "using": "xpath",
   "value": ".//td[@data-handler=\"selectDay\"][@data-month=\"9\"][@data-year=\"2018\"]/a[contains(text(), \"20\")]"
}
[1529687083,216][INFO]: Waiting for pending navigations...
[1529687083,218][INFO]: Done waiting for pending navigations. Status: ok
[1529687083,232][INFO]: Waiting for pending navigations...
[1529687083,233][INFO]: Done waiting for pending navigations. Status: ok
[1529687083,233][INFO]: RESPONSE FindElement no such element: Unable to locate element: {"method":"xpath","selector":".//td[@data-handler="selectDay"][@data-month="9"][@data-year="2018"]/a[contains(text(), "20")]"}
  (Session info: chrome=66.0.3359.170)
[1529687083,735][INFO]: COMMAND FindElement {
   "sessionId": "9b6a9391d1fdc8badf75e952aed3196d",
   "using": "xpath",
   "value": ".//a[@data-handler=\"next\"]"
}
[1529687083,736][INFO]: Waiting for pending navigations...
[1529687083,737][INFO]: Done waiting for pending navigations. Status: ok
[1529687083,755][INFO]: Waiting for pending navigations...
[1529687083,756][INFO]: Done waiting for pending navigations. Status: ok
[1529687083,756][INFO]: RESPONSE FindElement {
   "ELEMENT": "0.8361304983258557-3"
}
[1529687083,757][INFO]: COMMAND IsElementDisplayed {
   "id": "0.8361304983258557-3"
}
[1529687083,757][INFO]: Waiting for pending navigations...
[1529687083,758][INFO]: Done waiting for pending navigations. Status: ok
[1529687083,777][INFO]: Waiting for pending navigations...
[1529687083,779][INFO]: Done waiting for pending navigations. Status: ok
[1529687083,779][INFO]: RESPONSE IsElementDisplayed true
[1529687083,780][INFO]: COMMAND ClickElement {
   "id": "0.8361304983258557-3",
   "sessionId": "9b6a9391d1fdc8badf75e952aed3196d"
}
[1529687083,780][INFO]: Waiting for pending navigations...
[1529687083,781][INFO]: Done waiting for pending navigations. Status: ok
[1529687083,889][INFO]: Waiting for pending navigations...
[1529687083,897][INFO]: Done waiting for pending navigations. Status: ok
[1529687083,897][INFO]: RESPONSE ClickElement
[1529687083,898][INFO]: COMMAND FindElement {
   "sessionId": "9b6a9391d1fdc8badf75e952aed3196d",
   "using": "xpath",
   "value": ".//td[@data-handler=\"selectDay\"][@data-month=\"9\"][@data-year=\"2018\"]/a[contains(text(), \"20\")]"
}
[1529687083,898][INFO]: Waiting for pending navigations...
[1529687083,899][INFO]: Done waiting for pending navigations. Status: ok
[1529687083,909][INFO]: Waiting for pending navigations...
[1529687083,910][INFO]: Done waiting for pending navigations. Status: ok
[1529687083,910][INFO]: RESPONSE FindElement no such element: Unable to locate element: {"method":"xpath","selector":".//td[@data-handler="selectDay"][@data-month="9"][@data-year="2018"]/a[contains(text(), "20")]"}
  (Session info: chrome=66.0.3359.170)
[1529687084,412][INFO]: COMMAND FindElement {
   "sessionId": "9b6a9391d1fdc8badf75e952aed3196d",
   "using": "xpath",
   "value": ".//td[@data-handler=\"selectDay\"][@data-month=\"9\"][@data-year=\"2018\"]/a[contains(text(), \"20\")]"
}
[1529687084,412][INFO]: Waiting for pending navigations...
[1529687084,414][INFO]: Done waiting for pending navigations. Status: ok
[1529687084,431][INFO]: Waiting for pending navigations...
[1529687084,432][INFO]: Done waiting for pending navigations. Status: ok
[1529687084,432][INFO]: RESPONSE FindElement no such element: Unable to locate element: {"method":"xpath","selector":".//td[@data-handler="selectDay"][@data-month="9"][@data-year="2018"]/a[contains(text(), "20")]"}
  (Session info: chrome=66.0.3359.170)
[1529687084,934][INFO]: COMMAND FindElement {
   "sessionId": "9b6a9391d1fdc8badf75e952aed3196d",
   "using": "xpath",
   "value": ".//td[@data-handler=\"selectDay\"][@data-month=\"9\"][@data-year=\"2018\"]/a[contains(text(), \"20\")]"
}
[1529687084,935][INFO]: Waiting for pending navigations...
[1529687084,936][INFO]: Done waiting for pending navigations. Status: ok
[1529687084,951][INFO]: Waiting for pending navigations...
[1529687084,952][INFO]: Done waiting for pending navigations. Status: ok
[1529687084,952][INFO]: RESPONSE FindElement no such element: Unable to locate element: {"method":"xpath","selector":".//td[@data-handler="selectDay"][@data-month="9"][@data-year="2018"]/a[contains(text(), "20")]"}
  (Session info: chrome=66.0.3359.170)
[1529687085,455][INFO]: COMMAND FindElement {
   "sessionId": "9b6a9391d1fdc8badf75e952aed3196d",
   "using": "xpath",
   "value": ".//td[@data-handler=\"selectDay\"][@data-month=\"9\"][@data-year=\"2018\"]/a[contains(text(), \"20\")]"
}
[1529687085,455][INFO]: Waiting for pending navigations...
[1529687085,455][INFO]: Done waiting for pending navigations. Status: ok
[1529687085,468][INFO]: Waiting for pending navigations...
[1529687085,469][INFO]: Done waiting for pending navigations. Status: ok
[1529687085,469][INFO]: RESPONSE FindElement no such element: Unable to locate element: {"method":"xpath","selector":".//td[@data-handler="selectDay"][@data-month="9"][@data-year="2018"]/a[contains(text(), "20")]"}
  (Session info: chrome=66.0.3359.170)
[1529687085,972][INFO]: COMMAND FindElement {
   "sessionId": "9b6a9391d1fdc8badf75e952aed3196d",
   "using": "xpath",
   "value": ".//a[@data-handler=\"next\"]"
}
[1529687085,972][INFO]: Waiting for pending navigations...
[1529687085,974][INFO]: Done waiting for pending navigations. Status: ok
[1529687085,988][INFO]: Waiting for pending navigations...
[1529687085,989][INFO]: Done waiting for pending navigations. Status: ok
[1529687085,989][INFO]: RESPONSE FindElement {
   "ELEMENT": "0.8361304983258557-4"
}
[1529687085,990][INFO]: COMMAND IsElementDisplayed {
   "id": "0.8361304983258557-4"
}
[1529687085,990][INFO]: Waiting for pending navigations...
[1529687085,991][INFO]: Done waiting for pending navigations. Status: ok
[1529687086,012][INFO]: Waiting for pending navigations...
[1529687086,014][INFO]: Done waiting for pending navigations. Status: ok
[1529687086,014][INFO]: RESPONSE IsElementDisplayed true
[1529687086,016][INFO]: COMMAND ClickElement {
   "id": "0.8361304983258557-4",
   "sessionId": "9b6a9391d1fdc8badf75e952aed3196d"
}
[1529687086,016][INFO]: Waiting for pending navigations...
[1529687086,017][INFO]: Done waiting for pending navigations. Status: ok
[1529687086,124][INFO]: Waiting for pending navigations...
[1529687086,133][INFO]: Done waiting for pending navigations. Status: ok
[1529687086,133][INFO]: RESPONSE ClickElement
[1529687086,134][INFO]: COMMAND FindElement {
   "sessionId": "9b6a9391d1fdc8badf75e952aed3196d",
   "using": "xpath",
   "value": ".//td[@data-handler=\"selectDay\"][@data-month=\"9\"][@data-year=\"2018\"]/a[contains(text(), \"20\")]"
}
[1529687086,134][INFO]: Waiting for pending navigations...
[1529687086,136][INFO]: Done waiting for pending navigations. Status: ok
[1529687086,150][INFO]: Waiting for pending navigations...
[1529687086,151][INFO]: Done waiting for pending navigations. Status: ok
[1529687086,151][INFO]: RESPONSE FindElement no such element: Unable to locate element: {"method":"xpath","selector":".//td[@data-handler="selectDay"][@data-month="9"][@data-year="2018"]/a[contains(text(), "20")]"}
  (Session info: chrome=66.0.3359.170)
[1529687086,654][INFO]: COMMAND FindElement {
   "sessionId": "9b6a9391d1fdc8badf75e952aed3196d",
   "using": "xpath",
   "value": ".//td[@data-handler=\"selectDay\"][@data-month=\"9\"][@data-year=\"2018\"]/a[contains(text(), \"20\")]"
}
[1529687086,654][INFO]: Waiting for pending navigations...
[1529687086,656][INFO]: Done waiting for pending navigations. Status: ok
[1529687086,675][INFO]: Waiting for pending navigations...
[1529687086,677][INFO]: Done waiting for pending navigations. Status: ok
[1529687086,677][INFO]: RESPONSE FindElement no such element: Unable to locate element: {"method":"xpath","selector":".//td[@data-handler="selectDay"][@data-month="9"][@data-year="2018"]/a[contains(text(), "20")]"}
  (Session info: chrome=66.0.3359.170)
[1529687087,179][INFO]: COMMAND FindElement {
   "sessionId": "9b6a9391d1fdc8badf75e952aed3196d",
   "using": "xpath",
   "value": ".//td[@data-handler=\"selectDay\"][@data-month=\"9\"][@data-year=\"2018\"]/a[contains(text(), \"20\")]"
}
[1529687087,179][INFO]: Waiting for pending navigations...
[1529687087,181][INFO]: Done waiting for pending navigations. Status: ok
[1529687087,195][INFO]: Waiting for pending navigations...
[1529687087,196][INFO]: Done waiting for pending navigations. Status: ok
[1529687087,196][INFO]: RESPONSE FindElement no such element: Unable to locate element: {"method":"xpath","selector":".//td[@data-handler="selectDay"][@data-month="9"][@data-year="2018"]/a[contains(text(), "20")]"}
  (Session info: chrome=66.0.3359.170)
[1529687087,698][INFO]: COMMAND FindElement {
   "sessionId": "9b6a9391d1fdc8badf75e952aed3196d",
   "using": "xpath",
   "value": ".//td[@data-handler=\"selectDay\"][@data-month=\"9\"][@data-year=\"2018\"]/a[contains(text(), \"20\")]"
}
[1529687087,698][INFO]: Waiting for pending navigations...
[1529687087,700][INFO]: Done waiting for pending navigations. Status: ok
[1529687087,718][INFO]: Waiting for pending navigations...
[1529687087,719][INFO]: Done waiting for pending navigations. Status: ok
[1529687087,719][INFO]: RESPONSE FindElement no such element: Unable to locate element: {"method":"xpath","selector":".//td[@data-handler="selectDay"][@data-month="9"][@data-year="2018"]/a[contains(text(), "20")]"}
  (Session info: chrome=66.0.3359.170)
[1529687088,221][INFO]: COMMAND FindElement {
   "sessionId": "9b6a9391d1fdc8badf75e952aed3196d",
   "using": "xpath",
   "value": ".//a[@data-handler=\"next\"]"
}
[1529687088,222][INFO]: Waiting for pending navigations...
[1529687088,223][INFO]: Done waiting for pending navigations. Status: ok
[1529687088,234][INFO]: Waiting for pending navigations...
[1529687088,235][INFO]: Done waiting for pending navigations. Status: ok
[1529687088,235][INFO]: RESPONSE FindElement {
   "ELEMENT": "0.8361304983258557-5"
}
[1529687088,236][INFO]: COMMAND IsElementDisplayed {
   "id": "0.8361304983258557-5"
}
[1529687088,236][INFO]: Waiting for pending navigations...
[1529687088,236][INFO]: Done waiting for pending navigations. Status: ok
[1529687088,260][INFO]: Waiting for pending navigations...
[1529687088,261][INFO]: Done waiting for pending navigations. Status: ok
[1529687088,261][INFO]: RESPONSE IsElementDisplayed true
[1529687088,262][INFO]: COMMAND ClickElement {
   "id": "0.8361304983258557-5",
   "sessionId": "9b6a9391d1fdc8badf75e952aed3196d"
}
[1529687088,262][INFO]: Waiting for pending navigations...
[1529687088,263][INFO]: Done waiting for pending navigations. Status: ok
[1529687088,390][INFO]: Waiting for pending navigations...
[1529687088,397][INFO]: Done waiting for pending navigations. Status: ok
[1529687088,397][INFO]: RESPONSE ClickElement
[1529687088,398][INFO]: COMMAND FindElement {
   "sessionId": "9b6a9391d1fdc8badf75e952aed3196d",
   "using": "xpath",
   "value": ".//td[@data-handler=\"selectDay\"][@data-month=\"9\"][@data-year=\"2018\"]/a[contains(text(), \"20\")]"
}
[1529687088,398][INFO]: Waiting for pending navigations...
[1529687088,399][INFO]: Done waiting for pending navigations. Status: ok
[1529687088,408][INFO]: Waiting for pending navigations...
[1529687088,410][INFO]: Done waiting for pending navigations. Status: ok
[1529687088,410][INFO]: RESPONSE FindElement {
   "ELEMENT": "0.8361304983258557-6"
}
[1529687088,411][INFO]: COMMAND IsElementDisplayed {
   "id": "0.8361304983258557-6"
}
[1529687088,412][INFO]: Waiting for pending navigations...
[1529687088,415][INFO]: Done waiting for pending navigations. Status: ok
[1529687088,438][INFO]: Waiting for pending navigations...
[1529687088,438][INFO]: Done waiting for pending navigations. Status: ok
[1529687088,438][INFO]: RESPONSE IsElementDisplayed true
[1529687088,439][INFO]: COMMAND ClickElement {
   "id": "0.8361304983258557-6",
   "sessionId": "9b6a9391d1fdc8badf75e952aed3196d"
}
[1529687088,439][INFO]: Waiting for pending navigations...
[1529687088,440][INFO]: Done waiting for pending navigations. Status: ok
[1529687088,608][INFO]: Waiting for pending navigations...
[1529687088,620][INFO]: Done waiting for pending navigations. Status: ok
[1529687088,620][INFO]: RESPONSE ClickElement
[1529687091,623][INFO]: COMMAND FindElement {
   "sessionId": "9b6a9391d1fdc8badf75e952aed3196d",
   "using": "xpath",
   "value": ".//input[@id=\"checkoutDate\"]"
}
[1529687091,624][INFO]: Waiting for pending navigations...
[1529687091,626][INFO]: Done waiting for pending navigations. Status: ok
[1529687091,653][INFO]: Waiting for pending navigations...
[1529687091,654][INFO]: Done waiting for pending navigations. Status: ok
[1529687091,654][INFO]: RESPONSE FindElement {
   "ELEMENT": "0.8361304983258557-7"
}
[1529687091,655][INFO]: COMMAND IsElementDisplayed {
   "id": "0.8361304983258557-7"
}
[1529687091,655][INFO]: Waiting for pending navigations...
[1529687091,656][INFO]: Done waiting for pending navigations. Status: ok
[1529687091,671][INFO]: Waiting for pending navigations...
[1529687091,672][INFO]: Done waiting for pending navigations. Status: ok
[1529687091,672][INFO]: RESPONSE IsElementDisplayed true
[1529687091,673][INFO]: COMMAND ClickElement {
   "id": "0.8361304983258557-7",
   "sessionId": "9b6a9391d1fdc8badf75e952aed3196d"
}
[1529687091,673][INFO]: Waiting for pending navigations...
[1529687091,674][INFO]: Done waiting for pending navigations. Status: ok
[1529687091,804][INFO]: Waiting for pending navigations...
[1529687091,806][INFO]: Done waiting for pending navigations. Status: ok
[1529687091,806][INFO]: RESPONSE ClickElement
[1529687091,807][INFO]: COMMAND FindElement {
   "sessionId": "9b6a9391d1fdc8badf75e952aed3196d",
   "using": "xpath",
   "value": ".//td[@data-handler=\"selectDay\"][@data-month=\"9\"][@data-year=\"2018\"]/a[contains(text(), \"23\")]"
}
[1529687091,807][INFO]: Waiting for pending navigations...
[1529687091,808][INFO]: Done waiting for pending navigations. Status: ok
[1529687091,833][INFO]: Waiting for pending navigations...
[1529687091,838][INFO]: Done waiting for pending navigations. Status: ok
[1529687091,838][INFO]: RESPONSE FindElement {
   "ELEMENT": "0.8361304983258557-8"
}
[1529687091,839][INFO]: COMMAND IsElementDisplayed {
   "id": "0.8361304983258557-8"
}
[1529687091,839][INFO]: Waiting for pending navigations...
[1529687091,840][INFO]: Done waiting for pending navigations. Status: ok
[1529687091,860][INFO]: Waiting for pending navigations...
[1529687091,868][INFO]: Done waiting for pending navigations. Status: ok
[1529687091,868][INFO]: RESPONSE IsElementDisplayed true
[1529687091,870][INFO]: COMMAND ClickElement {
   "id": "0.8361304983258557-8",
   "sessionId": "9b6a9391d1fdc8badf75e952aed3196d"
}
[1529687091,870][INFO]: Waiting for pending navigations...
[1529687091,871][INFO]: Done waiting for pending navigations. Status: ok
[1529687091,978][INFO]: Waiting for pending navigations...
[1529687091,983][INFO]: Done waiting for pending navigations. Status: ok
[1529687091,983][INFO]: RESPONSE ClickElement
[1529687097,991][INFO]: COMMAND FindElement {
   "sessionId": "9b6a9391d1fdc8badf75e952aed3196d",
   "using": "xpath",
   "value": ".//a[contains(@title, \"Go\")]"
}
[1529687097,991][INFO]: Waiting for pending navigations...
[1529687097,993][INFO]: Done waiting for pending navigations. Status: ok
[1529687098,023][INFO]: Waiting for pending navigations...
[1529687098,024][INFO]: Done waiting for pending navigations. Status: ok
[1529687098,024][INFO]: RESPONSE FindElement {
   "ELEMENT": "0.8361304983258557-9"
}
[1529687098,025][INFO]: COMMAND ClickElement {
   "id": "0.8361304983258557-9",
   "sessionId": "9b6a9391d1fdc8badf75e952aed3196d"
}
[1529687098,025][INFO]: Waiting for pending navigations...
[1529687098,026][INFO]: Done waiting for pending navigations. Status: ok
[1529687098,142][INFO]: Waiting for pending navigations...
[1529687098,149][INFO]: Done waiting for pending navigations. Status: ok
[1529687098,149][INFO]: RESPONSE ClickElement
[1529687101,153][INFO]: COMMAND FindElement {
   "sessionId": "9b6a9391d1fdc8badf75e952aed3196d",
   "using": "xpath",
   "value": ".//div[contains(@class, \"hotelRow\")]"
}
[1529687102,056][INFO]: Waiting for pending navigations...
[1529687104,068][INFO]: Done waiting for pending navigations. Status: ok
[1529687104,100][INFO]: Waiting for pending navigations...
[1529687104,101][INFO]: Done waiting for pending navigations. Status: ok
[1529687104,101][INFO]: RESPONSE FindElement {
   "ELEMENT": "0.054152123288429665-1"
}
[1529687104,102][INFO]: COMMAND GetElementAttribute {
   "id": "0.054152123288429665-1",
   "name": "hoteldata"
}
[1529687104,102][INFO]: Waiting for pending navigations...
[1529687104,102][INFO]: Done waiting for pending navigations. Status: ok
[1529687104,107][INFO]: Waiting for pending navigations...
[1529687104,108][INFO]: Done waiting for pending navigations. Status: ok
[1529687104,108][INFO]: RESPONSE GetElementAttribute "{\"amenities\":[\"roomService\",\"coveredParking\",\"suitesAvail\",\"onSiteRestaurant\",\"meetingFacilitiesAvail\",\"onSiteBusinessCenter\",\"onSiteHealthClub\",\"freeInternet\",\"compShuttle\"],\"distance\":5.0,\"price\"..."
[1529687104,110][INFO]: COMMAND GetElementAttribute {
   "id": "0.054152123288429665-1",
   "name": "hoteldata"
}
[1529687104,110][INFO]: Waiting for pending navigations...
[1529687104,111][INFO]: Done waiting for pending navigations. Status: ok
[1529687104,113][INFO]: Waiting for pending navigations...
[1529687104,114][INFO]: Done waiting for pending navigations. Status: ok
[1529687104,114][INFO]: RESPONSE GetElementAttribute "{\"amenities\":[\"roomService\",\"coveredParking\",\"suitesAvail\",\"onSiteRestaurant\",\"meetingFacilitiesAvail\",\"onSiteBusinessCenter\",\"onSiteHealthClub\",\"freeInternet\",\"compShuttle\"],\"distance\":5.0,\"price\"..."
[1529687104,116][INFO]: COMMAND FindChildElement {
   "id": "0.054152123288429665-1",
   "sessionId": "9b6a9391d1fdc8badf75e952aed3196d",
   "using": "xpath",
   "value": ".//a[@class=\"ratingLink\"]"
}
[1529687104,116][INFO]: Waiting for pending navigations...
[1529687104,117][INFO]: Done waiting for pending navigations. Status: ok
[1529687104,149][INFO]: Waiting for pending navigations...
[1529687104,150][INFO]: Done waiting for pending navigations. Status: ok
[1529687104,150][INFO]: RESPONSE FindChildElement {
   "ELEMENT": "0.054152123288429665-2"
}
[1529687104,151][INFO]: COMMAND GetElementText {
   "id": "0.054152123288429665-2"
}
[1529687104,151][INFO]: Waiting for pending navigations...
[1529687104,152][INFO]: Done waiting for pending navigations. Status: ok
[1529687104,172][INFO]: Waiting for pending navigations...
[1529687104,173][INFO]: Done waiting for pending navigations. Status: ok
[1529687104,173][INFO]: RESPONSE GetElementText "1,181 Reviews"
[1529687104,174][INFO]: COMMAND FindElement {
   "sessionId": "9b6a9391d1fdc8badf75e952aed3196d",
   "using": "xpath",
   "value": ".//td[@id=\"hoteladdress\"]"
}
[1529687104,174][INFO]: Waiting for pending navigations...
[1529687104,175][INFO]: Done waiting for pending navigations. Status: ok
[1529687104,196][INFO]: Waiting for pending navigations...
[1529687104,197][INFO]: Done waiting for pending navigations. Status: ok
[1529687104,197][INFO]: RESPONSE FindElement {
   "ELEMENT": "0.054152123288429665-3"
}
[1529687104,198][INFO]: COMMAND IsElementDisplayed {
   "id": "0.054152123288429665-3"
}
[1529687104,198][INFO]: Waiting for pending navigations...
[1529687104,199][INFO]: Done waiting for pending navigations. Status: ok
[1529687104,218][INFO]: Waiting for pending navigations...
[1529687104,219][INFO]: Done waiting for pending navigations. Status: ok
[1529687104,219][INFO]: RESPONSE IsElementDisplayed true
[1529687104,220][INFO]: COMMAND GetElementText {
   "id": "0.054152123288429665-3"
}
[1529687104,220][INFO]: Waiting for pending navigations...
[1529687104,221][INFO]: Done waiting for pending navigations. Status: ok
[1529687104,250][INFO]: Waiting for pending navigations...
[1529687104,251][INFO]: Done waiting for pending navigations. Status: ok
[1529687104,251][INFO]: RESPONSE GetElementText "1 Ave.12-46 Zona 10, Guatemala City, 01010\n+502 24215151  |  2.5 mi /  4.0 km from requested location"
[1529687104,252][INFO]: COMMAND GetElementAttribute {
   "id": "0.054152123288429665-1",
   "name": "hoteldata"
}
[1529687104,252][INFO]: Waiting for pending navigations...
[1529687104,253][INFO]: Done waiting for pending navigations. Status: ok
[1529687104,255][INFO]: Waiting for pending navigations...
[1529687104,255][INFO]: Done waiting for pending navigations. Status: ok
[1529687104,255][INFO]: RESPONSE GetElementAttribute "{\"amenities\":[\"roomService\",\"coveredParking\",\"suitesAvail\",\"onSiteRestaurant\",\"meetingFacilitiesAvail\",\"onSiteBusinessCenter\",\"onSiteHealthClub\",\"freeInternet\",\"compShuttle\"],\"distance\":5.0,\"price\"..."
[1529687104,256][INFO]: COMMAND Quit {

}
[1529687104,307][INFO]: RESPONSE Quit
